<?xml version="1.0" encoding="UTF-8"?>
<testng-results skipped="0" failed="0" ignored="0" total="1" passed="1">
  <reporter-output>
  </reporter-output>
  <suite name="Default Suite" duration-ms="11119" started-at="2021-07-30T21:35:34 BST" finished-at="2021-07-30T21:35:45 BST">
    <groups>
    </groups>
    <test name="DayOneFreamwork" duration-ms="11119" started-at="2021-07-30T21:35:34 BST" finished-at="2021-07-30T21:35:45 BST">
      <class name="org.example.TestSuite">
        <test-method status="PASS" signature="openBrowser()[pri:0, instance:org.example.TestSuite@91161c7]" name="openBrowser" is-config="true" duration-ms="9727" started-at="2021-07-30T21:35:34 BST" finished-at="2021-07-30T21:35:44 BST">
          <reporter-output>
          </reporter-output>
        </test-method> <!-- openBrowser -->
        <test-method status="PASS" signature="user_Able_To_Open_ASDA_Website()[pri:0, instance:org.example.TestSuite@91161c7]" name="user_Able_To_Open_ASDA_Website" duration-ms="2" started-at="2021-07-30T21:35:44 BST" finished-at="2021-07-30T21:35:44 BST">
          <reporter-output>
          </reporter-output>
        </test-method> <!-- user_Able_To_Open_ASDA_Website -->
        <test-method status="PASS" signature="closeBrowser()[pri:0, instance:org.example.TestSuite@91161c7]" name="closeBrowser" is-config="true" duration-ms="1246" started-at="2021-07-30T21:35:44 BST" finished-at="2021-07-30T21:35:45 BST">
          <reporter-output>
          </reporter-output>
        </test-method> <!-- closeBrowser -->
      </class> <!-- org.example.TestSuite -->
    </test> <!-- DayOneFreamwork -->
  </suite> <!-- Default Suite -->
</testng-results>
